This is pdfTeX, Version 3.141592653-2.6-1.40.24 (TeX Live 2022) (preloaded format=pdflatex 2022.4.15)  6 NOV 2022 22:36
entering extended mode
 restricted \write18 enabled.
 %&-line parsing enabled.
**main.tex
(./main.tex
LaTeX2e <2021-11-15> patch level 1
L3 programming layer <2022-04-10>
(d:/Latex/texlive/2022/texmf-dist/tex/latex/base/report.cls
Document Class: report 2021/10/04 v1.4n Standard LaTeX document class
(d:/Latex/texlive/2022/texmf-dist/tex/latex/base/size12.clo
File: size12.clo 2021/10/04 v1.4n Standard LaTeX file (size option)
)
\c@part=\count185
\c@chapter=\count186
\c@section=\count187
\c@subsection=\count188
\c@subsubsection=\count189
\c@paragraph=\count190
\c@subparagraph=\count191
\c@figure=\count192
\c@table=\count193
\abovecaptionskip=\skip47
\belowcaptionskip=\skip48
\bibindent=\dimen138
)
(d:/Latex/texlive/2022/texmf-dist/tex/latex/base/inputenc.sty
Package: inputenc 2021/02/14 v1.3d Input encoding file
\inpenc@prehook=\toks16
\inpenc@posthook=\toks17
)
(d:/Latex/texlive/2022/texmf-dist/tex/latex/graphics/graphicx.sty
Package: graphicx 2021/09/16 v1.2d Enhanced LaTeX Graphics (DPC,SPQR)

(d:/Latex/texlive/2022/texmf-dist/tex/latex/graphics/keyval.sty
Package: keyval 2014/10/28 v1.15 key=value parser (DPC)
\KV@toks@=\toks18
)
(d:/Latex/texlive/2022/texmf-dist/tex/latex/graphics/graphics.sty
Package: graphics 2021/03/04 v1.4d Standard LaTeX Graphics (DPC,SPQR)

(d:/Latex/texlive/2022/texmf-dist/tex/latex/graphics/trig.sty
Package: trig 2021/08/11 v1.11 sin cos tan (DPC)
)
(d:/Latex/texlive/2022/texmf-dist/tex/latex/graphics-cfg/graphics.cfg
File: graphics.cfg 2016/06/04 v1.11 sample graphics configuration
)
Package graphics Info: Driver file: pdftex.def on input line 107.

(d:/Latex/texlive/2022/texmf-dist/tex/latex/graphics-def/pdftex.def
File: pdftex.def 2020/10/05 v1.2a Graphics/color driver for pdftex
))
\Gin@req@height=\dimen139
\Gin@req@width=\dimen140
)
(d:/Latex/texlive/2022/texmf-dist/tex/latex/titlesec/titlesec.sty
Package: titlesec 2021/07/05 v2.14 Sectioning titles
\ttl@box=\box50
\beforetitleunit=\skip49
\aftertitleunit=\skip50
\ttl@plus=\dimen141
\ttl@minus=\dimen142
\ttl@toksa=\toks19
\titlewidth=\dimen143
\titlewidthlast=\dimen144
\titlewidthfirst=\dimen145
)
(d:/Latex/texlive/2022/texmf-dist/tex/latex/booktabs/booktabs.sty
Package: booktabs 2020/01/12 v1.61803398 Publication quality tables
\heavyrulewidth=\dimen146
\lightrulewidth=\dimen147
\cmidrulewidth=\dimen148
\belowrulesep=\dimen149
\belowbottomsep=\dimen150
\aboverulesep=\dimen151
\abovetopsep=\dimen152
\cmidrulesep=\dimen153
\cmidrulekern=\dimen154
\defaultaddspace=\dimen155
\@cmidla=\count194
\@cmidlb=\count195
\@aboverulesep=\dimen156
\@belowrulesep=\dimen157
\@thisruleclass=\count196
\@lastruleclass=\count197
\@thisrulewidth=\dimen158
)
(d:/Latex/texlive/2022/texmf-dist/tex/latex/refstyle/refstyle.sty
Package: refstyle 2010/11/02 v0.5 Reference formatting (DNJ Els)
Package refstyle Info: Config file refstyle.cfg used on input line 322.

(d:/Latex/texlive/2022/texmf-dist/tex/latex/refstyle/refstyle.cfg
File: refstyle.cfg 2010/11/02 0.5 Configuration file for refstyle (DNJ Els)
Package refstyle Info: New reference template \newref{part} on input line 468.
Package refstyle Info: \partkey created on input line 468.
Package refstyle Info: \partlabel created on input line 468.
Package refstyle Info: \partref created on input line 468.
Package refstyle Info: \Partref created on input line 468.
Package refstyle Info: \partrangeref created on input line 468.
Package refstyle Info: \Partrangeref created on input line 468.
Package refstyle Info: \partpageref created on input line 468.
Package refstyle Info: New reference template \newref{chap} on input line 501.
Package refstyle Info: \chapkey created on input line 501.
Package refstyle Info: \chaplabel created on input line 501.
Package refstyle Info: \chapref created on input line 501.
Package refstyle Info: \Chapref created on input line 501.
Package refstyle Info: \chaprangeref created on input line 501.
Package refstyle Info: \Chaprangeref created on input line 501.
Package refstyle Info: \chappageref created on input line 501.
Package refstyle Info: New reference template \newref{sec} on input line 511.
Package refstyle Info: \seckey created on input line 511.
Package refstyle Info: \seclabel created on input line 511.
Package refstyle Info: \secref created on input line 511.
Package refstyle Info: \Secref created on input line 511.
Package refstyle Info: \secrangeref created on input line 511.
Package refstyle Info: \Secrangeref created on input line 511.
Package refstyle Info: \secpageref created on input line 511.
Package refstyle Info: New reference template \newref{eq} on input line 526.
Package refstyle Info: \eqkey created on input line 526.
Package refstyle Info: \eqlabel created on input line 526.
Package refstyle Info: \eqref created on input line 526.
Package refstyle Info: \Eqref created on input line 526.
Package refstyle Info: \eqrangeref created on input line 526.
Package refstyle Info: \Eqrangeref created on input line 526.
Package refstyle Info: \eqpageref created on input line 526.
Package refstyle Info: New reference template \newref{fig} on input line 544.
Package refstyle Info: \figkey created on input line 544.
Package refstyle Info: \figlabel created on input line 544.
Package refstyle Info: \figref created on input line 544.
Package refstyle Info: \Figref created on input line 544.
Package refstyle Info: \figrangeref created on input line 544.
Package refstyle Info: \Figrangeref created on input line 544.
Package refstyle Info: \figpageref created on input line 544.
Package refstyle Info: New reference template \newref{tab} on input line 553.
Package refstyle Info: \tabkey created on input line 553.
Package refstyle Info: \tablabel created on input line 553.
Package refstyle Info: \tabref created on input line 553.
Package refstyle Info: \Tabref created on input line 553.
Package refstyle Info: \tabrangeref created on input line 553.
Package refstyle Info: \Tabrangeref created on input line 553.
Package refstyle Info: \tabpageref created on input line 553.
Package refstyle Info: New reference template \newref{fn} on input line 568.
Package refstyle Info: \fnkey created on input line 568.
Package refstyle Info: \fnlabel created on input line 568.
Package refstyle Info: \fnref created on input line 568.
Package refstyle Info: \Fnref created on input line 568.
Package refstyle Info: \fnrangeref created on input line 568.
Package refstyle Info: \Fnrangeref created on input line 568.
Package refstyle Info: \fnpageref created on input line 568.
))
(d:/Latex/texlive/2022/texmf-dist/tex/latex/chngcntr/chngcntr.sty
Package: chngcntr 2018/04/09 v1.1a change counter resetting
Package chngcntr Info: \counterwithout already defined.
(chngcntr)             Quitting chngcntr on input line 21.
)
(d:/Latex/texlive/2022/texmf-dist/tex/latex/multirow/multirow.sty
Package: multirow 2021/03/15 v2.8 Span multiple rows of a table
\multirow@colwidth=\skip51
\multirow@cntb=\count198
\multirow@dima=\skip52
\bigstrutjot=\dimen159
)
(d:/Latex/texlive/2022/texmf-dist/tex/latex/pbox/pbox.sty
Package: pbox 2011/12/07 v1.2 Dynamic parboxes

(d:/Latex/texlive/2022/texmf-dist/tex/latex/tools/calc.sty
Package: calc 2017/05/25 v4.3 Infix arithmetic (KKT,FJ)
\calc@Acount=\count199
\calc@Bcount=\count266
\calc@Adimen=\dimen160
\calc@Bdimen=\dimen161
\calc@Askip=\skip53
\calc@Bskip=\skip54
LaTeX Info: Redefining \setlength on input line 80.
LaTeX Info: Redefining \addtolength on input line 81.
\calc@Ccount=\count267
\calc@Cskip=\skip55
)
(d:/Latex/texlive/2022/texmf-dist/tex/latex/base/ifthen.sty
Package: ifthen 2020/11/24 v1.1c Standard LaTeX ifthen package (DPC)
)
\pb@xlen=\skip56
)
(d:/Latex/texlive/2022/texmf-dist/tex/latex/stackengine/stackengine.sty
Package: stackengine 2021/07/22 v4.11\ Stacking text and objects in convenient 
ways

(d:/Latex/texlive/2022/texmf-dist/tex/latex/etoolbox/etoolbox.sty
Package: etoolbox 2020/10/05 v2.5k e-TeX tools for LaTeX (JAW)
\etb@tempcnta=\count268
)
(d:/Latex/texlive/2022/texmf-dist/tex/generic/listofitems/listofitems.sty
(d:/Latex/texlive/2022/texmf-dist/tex/generic/listofitems/listofitems.tex
\loi_cnt_foreach_nest=\count269
\loi_nestcnt=\count270
)
Package: listofitems 2019/08/21 v1.63 Grab items in lists using user-specified 
sep char (CT)
)
\c@@stackindex=\count271
\@boxshift=\skip57
\stack@tmplength=\skip58
\temp@stkl=\skip59
\@stackedboxwidth=\skip60
\@addedbox=\box51
\@anchorbox=\box52
\@insetbox=\box53
\se@backgroundbox=\box54
\stackedbox=\box55
\@centerbox=\box56
\c@ROWcellindex@=\count272
)
(d:/Latex/texlive/2022/texmf-dist/tex/latex/geometry/geometry.sty
Package: geometry 2020/01/02 v5.9 Page Geometry

(d:/Latex/texlive/2022/texmf-dist/tex/generic/iftex/ifvtex.sty
Package: ifvtex 2019/10/25 v1.7 ifvtex legacy package. Use iftex instead.

(d:/Latex/texlive/2022/texmf-dist/tex/generic/iftex/iftex.sty
Package: iftex 2022/02/03 v1.0f TeX engine tests
))
\Gm@cnth=\count273
\Gm@cntv=\count274
\c@Gm@tempcnt=\count275
\Gm@bindingoffset=\dimen162
\Gm@wd@mp=\dimen163
\Gm@odd@mp=\dimen164
\Gm@even@mp=\dimen165
\Gm@layoutwidth=\dimen166
\Gm@layoutheight=\dimen167
\Gm@layouthoffset=\dimen168
\Gm@layoutvoffset=\dimen169
\Gm@dimlist=\toks20
)
(d:/Latex/texlive/2022/texmf-dist/tex/latex/fancyhdr/fancyhdr.sty
Package: fancyhdr 2021/01/28 v4.0.1 Extensive control of page headers and foote
rs
\f@nch@headwidth=\skip61
\f@nch@O@elh=\skip62
\f@nch@O@erh=\skip63
\f@nch@O@olh=\skip64
\f@nch@O@orh=\skip65
\f@nch@O@elf=\skip66
\f@nch@O@erf=\skip67
\f@nch@O@olf=\skip68
\f@nch@O@orf=\skip69
)
(d:/Latex/texlive/2022/texmf-dist/tex/latex/l3backend/l3backend-pdftex.def
File: l3backend-pdftex.def 2022-04-14 L3 backend support: PDF output (pdfTeX)
\l__color_backend_stack_int=\count276
\l__pdf_internal_box=\box57
)
(./main.aux)
\openout1 = `main.aux'.

LaTeX Font Info:    Checking defaults for OML/cmm/m/it on input line 29.
LaTeX Font Info:    ... okay on input line 29.
LaTeX Font Info:    Checking defaults for OMS/cmsy/m/n on input line 29.
LaTeX Font Info:    ... okay on input line 29.
LaTeX Font Info:    Checking defaults for OT1/cmr/m/n on input line 29.
LaTeX Font Info:    ... okay on input line 29.
LaTeX Font Info:    Checking defaults for T1/cmr/m/n on input line 29.
LaTeX Font Info:    ... okay on input line 29.
LaTeX Font Info:    Checking defaults for TS1/cmr/m/n on input line 29.
LaTeX Font Info:    ... okay on input line 29.
LaTeX Font Info:    Checking defaults for OMX/cmex/m/n on input line 29.
LaTeX Font Info:    ... okay on input line 29.
LaTeX Font Info:    Checking defaults for U/cmr/m/n on input line 29.
LaTeX Font Info:    ... okay on input line 29.

(d:/Latex/texlive/2022/texmf-dist/tex/context/base/mkii/supp-pdf.mkii
[Loading MPS to PDF converter (version 2006.09.02).]
\scratchcounter=\count277
\scratchdimen=\dimen170
\scratchbox=\box58
\nofMPsegments=\count278
\nofMParguments=\count279
\everyMPshowfont=\toks21
\MPscratchCnt=\count280
\MPscratchDim=\dimen171
\MPnumerator=\count281
\makeMPintoPDFobject=\count282
\everyMPtoPDFconversion=\toks22
) (d:/Latex/texlive/2022/texmf-dist/tex/latex/epstopdf-pkg/epstopdf-base.sty
Package: epstopdf-base 2020-01-24 v2.11 Base part for package epstopdf
Package epstopdf-base Info: Redefining graphics rule for `.eps' on input line 4
85.

(d:/Latex/texlive/2022/texmf-dist/tex/latex/latexconfig/epstopdf-sys.cfg
File: epstopdf-sys.cfg 2010/07/13 v1.3 Configuration of (r)epstopdf for TeX Liv
e
))
*geometry* driver: auto-detecting
*geometry* detected driver: pdftex
*geometry* verbose mode - [ preamble ] result:
* driver: pdftex
* paper: a4paper
* layout: <same size as paper>
* layoutoffset:(h,v)=(0.0pt,0.0pt)
* bindingoffset: 17.07164pt
* modes: 
* h-part:(L,W,R)=(76.82245pt, 426.79134pt, 76.82245pt)
* v-part:(T,H,B)=(71.13188pt, 702.78308pt, 71.13188pt)
* \paperwidth=597.50787pt
* \paperheight=845.04684pt
* \textwidth=426.79134pt
* \textheight=702.78308pt
* \oddsidemargin=21.6241pt
* \evensidemargin=4.55246pt
* \topmargin=-38.1381pt
* \headheight=12.0pt
* \headsep=25.0pt
* \topskip=12.0pt
* \footskip=30.0pt
* \marginparwidth=44.0pt
* \marginparsep=10.0pt
* \columnsep=10.0pt
* \skip\footins=10.8pt plus 4.0pt minus 2.0pt
* \hoffset=0.0pt
* \voffset=0.0pt
* \mag=1000
* \@twocolumnfalse
* \@twosidefalse
* \@mparswitchfalse
* \@reversemarginfalse
* (1in=72.27pt=25.4mm, 1cm=28.453pt)

(./titleStyle.tex
<image/fhw.pdf, id=1, 139.35423pt x 49.75146pt>
File: image/fhw.pdf Graphic file (type pdf)
<use image/fhw.pdf>
Package pdftex.def Info: image/fhw.pdf  used on input line 5.
(pdftex.def)             Requested size: 213.39566pt x 76.19083pt.
LaTeX Font Info:    External font `cmex10' loaded for size
(Font)              <17.28> on input line 13.
LaTeX Font Info:    External font `cmex10' loaded for size
(Font)              <12> on input line 13.
 [1

{d:/Latex/texlive/2022/texmf-var/fonts/map/pdftex/updmap/pdftex.map} <./image/f
hw.pdf>]) (./main.toc)
\tf@toc=\write3
\openout3 = `main.toc'.

 [1

] (./main.lof)
\tf@lof=\write4
\openout4 = `main.lof'.

 [2

] (./main.lot)
\tf@lot=\write5
\openout5 = `main.lot'.


[3

]
Chapter 1.
(./usermanual.tex (./usermanual/The game description.tex [4

]

LaTeX Warning: Reference `fig:symbol tokens' on page 5 undefined on input line 
15.

<image/Symbol tokens.png, id=25, 742.57425pt x 151.16475pt>
File: image/Symbol tokens.png Graphic file (type png)
<use image/Symbol tokens.png>
Package pdftex.def Info: image/Symbol tokens.png  used on input line 19.
(pdftex.def)             Requested size: 341.43436pt x 69.50432pt.

LaTeX Warning: Reference `fig:action tokens' on page 5 undefined on input line 
26.

<image/Action tokens.png, id=27, 492.03825pt x 158.994pt>
File: image/Action tokens.png Graphic file (type png)
<use image/Action tokens.png>
Package pdftex.def Info: image/Action tokens.png  used on input line 44.
(pdftex.def)             Requested size: 256.0774pt x 82.7477pt.

LaTeX Warning: `h' float specifier changed to `ht'.


LaTeX Warning: Reference `tab:scoringPoints' on page 5 undefined on input line 
52.


Package fancyhdr Warning: \headheight is too small (12.0pt): 
(fancyhdr)                Make it at least 14.49998pt, for example:
(fancyhdr)                \setlength{\headheight}{14.49998pt}.
(fancyhdr)                You might also make \topmargin smaller to compensate:

(fancyhdr)                \addtolength{\topmargin}{-2.49998pt}.

[5 <./image/Symbol tokens.png>]
LaTeX Font Info:    External font `cmex10' loaded for size
(Font)              <8> on input line 56.
LaTeX Font Info:    External font `cmex10' loaded for size
(Font)              <6> on input line 56.
) (./usermanual/Game Interface.tex

Package fancyhdr Warning: \headheight is too small (12.0pt): 
(fancyhdr)                Make it at least 14.49998pt, for example:
(fancyhdr)                \setlength{\headheight}{14.49998pt}.
(fancyhdr)                You might also make \topmargin smaller to compensate:

(fancyhdr)                \addtolength{\topmargin}{-2.49998pt}.

[6 <./image/Action tokens.png>]

LaTeX Warning: Reference `fig:settingMenu' on page 7 undefined on input line 10
.


Underfull \hbox (badness 10000) in paragraph at lines 12--13

 []

<image/settingMenu.png, id=37, 139.11975pt x 177.66376pt>
File: image/settingMenu.png Graphic file (type png)
<use image/settingMenu.png>
Package pdftex.def Info: image/settingMenu.png  used on input line 31.
(pdftex.def)             Requested size: 128.0387pt x 163.52312pt.

Package fancyhdr Warning: \headheight is too small (12.0pt): 
(fancyhdr)                Make it at least 14.49998pt, for example:
(fancyhdr)                \setlength{\headheight}{14.49998pt}.
(fancyhdr)                You might also make \topmargin smaller to compensate:

(fancyhdr)                \addtolength{\topmargin}{-2.49998pt}.

[7 <./image/settingMenu.png>]

LaTeX Warning: Reference `fig:optionsMenu' on page 8 undefined on input line 38
.

<image/OptionsMenu.png, id=41, 268.6035pt x 188.50426pt>
File: image/OptionsMenu.png Graphic file (type png)
<use image/OptionsMenu.png>
Package pdftex.def Info: image/OptionsMenu.png  used on input line 59.
(pdftex.def)             Requested size: 213.39566pt x 149.76236pt.

Package fancyhdr Warning: \headheight is too small (12.0pt): 
(fancyhdr)                Make it at least 14.49998pt, for example:
(fancyhdr)                \setlength{\headheight}{14.49998pt}.
(fancyhdr)                You might also make \topmargin smaller to compensate:

(fancyhdr)                \addtolength{\topmargin}{-2.49998pt}.

[8 <./image/OptionsMenu.png>]

LaTeX Warning: Reference `fig:chessboard' on page 9 undefined on input line 68.


<image/chess board.png, id=45, 694.595pt x 653.44125pt>
File: image/chess board.png Graphic file (type png)
<use image/chess board.png>
Package pdftex.def Info: image/chess board.png  used on input line 72.
(pdftex.def)             Requested size: 256.0774pt x 240.91199pt.

Package fancyhdr Warning: \headheight is too small (12.0pt): 
(fancyhdr)                Make it at least 14.49998pt, for example:
(fancyhdr)                \setlength{\headheight}{14.49998pt}.
(fancyhdr)                You might also make \topmargin smaller to compensate:

(fancyhdr)                \addtolength{\topmargin}{-2.49998pt}.

[9 <./image/chess board.png>]

LaTeX Warning: Reference `fig:playerhand' on page 10 undefined on input line 79
.

<image/players' hands.png, id=50, 1195.1049pt x 845.0772pt>
File: image/players' hands.png Graphic file (type png)
<use image/players' hands.png>
Package pdftex.def Info: image/players' hands.png  used on input line 84.
(pdftex.def)             Requested size: 341.43436pt x 241.42976pt.

LaTeX Warning: Reference `fig:scoring points' on page 10 undefined on input lin
e 91.

<image/scoring points.png, id=51, 625.33624pt x 236.885pt>
File: image/scoring points.png Graphic file (type png)
<use image/scoring points.png>
Package pdftex.def Info: image/scoring points.png  used on input line 95.
(pdftex.def)             Requested size: 341.43436pt x 129.34373pt.

Package fancyhdr Warning: \headheight is too small (12.0pt): 
(fancyhdr)                Make it at least 14.49998pt, for example:
(fancyhdr)                \setlength{\headheight}{14.49998pt}.
(fancyhdr)                You might also make \topmargin smaller to compensate:

(fancyhdr)                \addtolength{\topmargin}{-2.49998pt}.

[10 <./image/players' hands.png> <./image/scoring points.png>]

LaTeX Warning: Reference `fig:teamscore' on page 11 undefined on input line 103
.

<image/two teams score.png, id=57, 616.3025pt x 144.54pt>
File: image/two teams score.png Graphic file (type png)
<use image/two teams score.png>
Package pdftex.def Info: image/two teams score.png  used on input line 107.
(pdftex.def)             Requested size: 341.43436pt x 80.07727pt.

LaTeX Warning: Reference `fig:currentPlayer' on page 11 undefined on input line
 113.

<image/current Player.png, id=58, 625.33624pt x 58.2175pt>
File: image/current Player.png Graphic file (type png)
<use image/current Player.png>
Package pdftex.def Info: image/current Player.png  used on input line 117.
(pdftex.def)             Requested size: 341.43436pt x 31.78786pt.

LaTeX Warning: Reference `fig:the demonstration of action token' on page 11 und
efined on input line 125.

<image/the demonstration of Action token.png, id=59, 628.3475pt x 365.365pt>
File: image/the demonstration of Action token.png Graphic file (type png)
<use image/the demonstration of Action token.png>
Package pdftex.def Info: image/the demonstration of Action token.png  used on i
nput line 129.
(pdftex.def)             Requested size: 256.0774pt x 148.89746pt.

Package fancyhdr Warning: \headheight is too small (12.0pt): 
(fancyhdr)                Make it at least 14.49998pt, for example:
(fancyhdr)                \setlength{\headheight}{14.49998pt}.
(fancyhdr)                You might also make \topmargin smaller to compensate:

(fancyhdr)                \addtolength{\topmargin}{-2.49998pt}.

[11 <./image/two teams score.png> <./image/current Player.png> <./image/the dem
onstration of Action token.png>]

LaTeX Warning: Reference `fig:secondWindowMenu' on page 12 undefined on input l
ine 141.

<image/secondWindowMenu.png, id=66, 455.90324pt x 326.4195pt>
File: image/secondWindowMenu.png Graphic file (type png)
<use image/secondWindowMenu.png>
Package pdftex.def Info: image/secondWindowMenu.png  used on input line 145.
(pdftex.def)             Requested size: 256.0774pt x 183.35649pt.

LaTeX Warning: Reference `fig:playerScene' on page 12 undefined on input line 1
53.

<image/Player scene.png, id=67, 1195.1049pt x 845.0772pt>
File: image/Player scene.png Graphic file (type png)
<use image/Player scene.png>
Package pdftex.def Info: image/Player scene.png  used on input line 157.
(pdftex.def)             Requested size: 256.0774pt x 181.0691pt.

Package fancyhdr Warning: \headheight is too small (12.0pt): 
(fancyhdr)                Make it at least 14.49998pt, for example:
(fancyhdr)                \setlength{\headheight}{14.49998pt}.
(fancyhdr)                You might also make \topmargin smaller to compensate:

(fancyhdr)                \addtolength{\topmargin}{-2.49998pt}.

[12 <./image/secondWindowMenu.png> <./image/Player scene.png>])
(./usermanual/Operation.tex

Package fancyhdr Warning: \headheight is too small (12.0pt): 
(fancyhdr)                Make it at least 14.49998pt, for example:
(fancyhdr)                \setlength{\headheight}{14.49998pt}.
(fancyhdr)                You might also make \topmargin smaller to compensate:

(fancyhdr)                \addtolength{\topmargin}{-2.49998pt}.

[13]

Package fancyhdr Warning: \headheight is too small (12.0pt): 
(fancyhdr)                Make it at least 14.49998pt, for example:
(fancyhdr)                \setlength{\headheight}{14.49998pt}.
(fancyhdr)                You might also make \topmargin smaller to compensate:

(fancyhdr)                \addtolength{\topmargin}{-2.49998pt}.

[14]

LaTeX Warning: Reference `fig:winnerMessage' on page 15 undefined on input line
 65.

<image/winner message.png, id=79, 270.41025pt x 158.994pt>
File: image/winner message.png Graphic file (type png)
<use image/winner message.png>
Package pdftex.def Info: image/winner message.png  used on input line 71.
(pdftex.def)             Requested size: 213.39566pt x 125.47044pt.
)

Package fancyhdr Warning: \headheight is too small (12.0pt): 
(fancyhdr)                Make it at least 14.49998pt, for example:
(fancyhdr)                \setlength{\headheight}{14.49998pt}.
(fancyhdr)                You might also make \topmargin smaller to compensate:

(fancyhdr)                \addtolength{\topmargin}{-2.49998pt}.

[15 <./image/winner message.png>] (./usermanual/During the game.tex
Underfull \hbox (badness 1953) in paragraph at lines 11--11
[]\OT1/cmr/m/n/12 Player may not use Ex-
 []


Overfull \hbox (11.99995pt too wide) in paragraph at lines 6--15
 [][] 
 []

<image/ExchangeToken.png, id=84, 270.41025pt x 133.6995pt>
File: image/ExchangeToken.png Graphic file (type png)
<use image/ExchangeToken.png>
Package pdftex.def Info: image/ExchangeToken.png  used on input line 19.
(pdftex.def)             Requested size: 256.0774pt x 126.61392pt.
)

Package fancyhdr Warning: \headheight is too small (12.0pt): 
(fancyhdr)                Make it at least 14.49998pt, for example:
(fancyhdr)                \setlength{\headheight}{14.49998pt}.
(fancyhdr)                You might also make \topmargin smaller to compensate:

(fancyhdr)                \addtolength{\topmargin}{-2.49998pt}.

[16 <./image/ExchangeToken.png>] (./usermanual/Load and Save.tex
Underfull \hbox (badness 10000) in paragraph at lines 12--12
[]\OT1/cmr/m/n/12 The cho-sen
 []


Underfull \hbox (badness 1102) in paragraph at lines 12--12
\OT1/cmr/m/n/12 file does not
 []


Underfull \hbox (badness 10000) in paragraph at lines 14--14
[]\OT1/cmr/m/n/12 The player
 []


Underfull \hbox (badness 1178) in paragraph at lines 14--14
[]\OT1/cmr/m/n/12 If the in-put file con-tains
 []


Overfull \hbox (11.99995pt too wide) in paragraph at lines 7--18
 [][] 
 []

<image/SaveAndLoad.png, id=89, 271.61475pt x 134.904pt>
File: image/SaveAndLoad.png Graphic file (type png)
<use image/SaveAndLoad.png>
Package pdftex.def Info: image/SaveAndLoad.png  used on input line 22.
(pdftex.def)             Requested size: 256.0774pt x 127.1947pt.
<image/alertPlayerAmount.png, id=90, 270.41025pt x 134.30174pt>
File: image/alertPlayerAmount.png Graphic file (type png)
<use image/alertPlayerAmount.png>
Package pdftex.def Info: image/alertPlayerAmount.png  used on input line 29.
(pdftex.def)             Requested size: 256.0774pt x 127.18427pt.
)

Package fancyhdr Warning: \headheight is too small (12.0pt): 
(fancyhdr)                Make it at least 14.49998pt, for example:
(fancyhdr)                \setlength{\headheight}{14.49998pt}.
(fancyhdr)                You might also make \topmargin smaller to compensate:

(fancyhdr)                \addtolength{\topmargin}{-2.49998pt}.

[17 <./image/SaveAndLoad.png> <./image/alertPlayerAmount.png>]
(./usermanual/Stop AI running.tex
Overfull \hbox (11.99995pt too wide) in paragraph at lines 6--14
 [][] 
 []

<image/StopAIRunning.png, id=96, 270.41025pt x 133.09724pt>
File: image/StopAIRunning.png Graphic file (type png)
<use image/StopAIRunning.png>
Package pdftex.def Info: image/StopAIRunning.png  used on input line 18.
(pdftex.def)             Requested size: 256.0774pt x 126.0436pt.
)

Package fancyhdr Warning: \headheight is too small (12.0pt): 
(fancyhdr)                Make it at least 14.49998pt, for example:
(fancyhdr)                \setlength{\headheight}{14.49998pt}.
(fancyhdr)                You might also make \topmargin smaller to compensate:

(fancyhdr)                \addtolength{\topmargin}{-2.49998pt}.

[18 <./image/StopAIRunning.png>] (./usermanual/No avaliable hand token.tex
Underfull \hbox (badness 10000) in paragraph at lines 11--11
\OT1/cmr/m/n/12 chess-board
 []


Underfull \hbox (badness 7203) in paragraph at lines 13--13
[]\OT1/cmr/m/n/12 Full of Re-
 []


Underfull \hbox (badness 10000) in paragraph at lines 13--13
\OT1/cmr/m/n/12 place To-ken
 []


Underfull \hbox (badness 1694) in paragraph at lines 13--13
[]\OT1/cmr/m/n/12 If the player has clicked
 []


Underfull \hbox (badness 3039) in paragraph at lines 13--13
\OT1/cmr/m/n/12 their to-ken hand, which
 []


Overfull \hbox (11.99995pt too wide) in paragraph at lines 6--16
 [][] 
 []

<image/NoToken.png, id=102, 267.399pt x 131.89275pt>
File: image/NoToken.png Graphic file (type png)
<use image/NoToken.png>
Package pdftex.def Info: image/NoToken.png  used on input line 20.
(pdftex.def)             Requested size: 256.0774pt x 126.31773pt.
))

Package fancyhdr Warning: \headheight is too small (12.0pt): 
(fancyhdr)                Make it at least 14.49998pt, for example:
(fancyhdr)                \setlength{\headheight}{14.49998pt}.
(fancyhdr)                You might also make \topmargin smaller to compensate:

(fancyhdr)                \addtolength{\topmargin}{-2.49998pt}.

[19 <./image/NoToken.png>]
Chapter 2.
(./developermanual.tex

LaTeX Warning: Reference `tab:software version' on page 20 undefined on input l
ine 3.

[20

] (./developermanual/GUI representation of the game windows.tex
Underfull \hbox (badness 10000) in paragraph at lines 6--7

 []


Underfull \hbox (badness 10000) in paragraph at lines 10--11

 []

)

Package fancyhdr Warning: \headheight is too small (12.0pt): 
(fancyhdr)                Make it at least 14.49998pt, for example:
(fancyhdr)                \setlength{\headheight}{14.49998pt}.
(fancyhdr)                You might also make \topmargin smaller to compensate:

(fancyhdr)                \addtolength{\topmargin}{-2.49998pt}.

[21] (./developermanual/Passing data between two windows.tex
Underfull \hbox (badness 10000) in paragraph at lines 7--8

 []


Underfull \hbox (badness 10000) in paragraph at lines 11--12

 []


Package fancyhdr Warning: \headheight is too small (12.0pt): 
(fancyhdr)                Make it at least 14.49998pt, for example:
(fancyhdr)                \setlength{\headheight}{14.49998pt}.
(fancyhdr)                You might also make \topmargin smaller to compensate:

(fancyhdr)                \addtolength{\topmargin}{-2.49998pt}.

[22]) (./developermanual/Data structure of players' hand.tex
Underfull \hbox (badness 10000) in paragraph at lines 14--15

 []


Package fancyhdr Warning: \headheight is too small (12.0pt): 
(fancyhdr)                Make it at least 14.49998pt, for example:
(fancyhdr)                \setlength{\headheight}{14.49998pt}.
(fancyhdr)                You might also make \topmargin smaller to compensate:

(fancyhdr)                \addtolength{\topmargin}{-2.49998pt}.

[23]
Underfull \hbox (badness 10000) in paragraph at lines 21--22

 []


Underfull \hbox (badness 10000) in paragraph at lines 27--28

 []


Package fancyhdr Warning: \headheight is too small (12.0pt): 
(fancyhdr)                Make it at least 14.49998pt, for example:
(fancyhdr)                \setlength{\headheight}{14.49998pt}.
(fancyhdr)                You might also make \topmargin smaller to compensate:

(fancyhdr)                \addtolength{\topmargin}{-2.49998pt}.

[24]) (./developermanual/An moving animation for board.tex
Underfull \hbox (badness 10000) in paragraph at lines 9--10

 []


Overfull \hbox (41.11491pt too wide) in paragraph at lines 11--12
[]\OT1/cmr/m/n/12 The Trans-late-Tran-si-tion is rep-re-sented by the class jav
afx.animation.TranslateTransition.
 []


Package fancyhdr Warning: \headheight is too small (12.0pt): 
(fancyhdr)                Make it at least 14.49998pt, for example:
(fancyhdr)                \setlength{\headheight}{14.49998pt}.
(fancyhdr)                You might also make \topmargin smaller to compensate:

(fancyhdr)                \addtolength{\topmargin}{-2.49998pt}.

[25]) (./developermauanl/The conversion between gson and java object.tex

Package fancyhdr Warning: \headheight is too small (12.0pt): 
(fancyhdr)                Make it at least 14.49998pt, for example:
(fancyhdr)                \setlength{\headheight}{14.49998pt}.
(fancyhdr)                You might also make \topmargin smaller to compensate:

(fancyhdr)                \addtolength{\topmargin}{-2.49998pt}.

[26])

Package fancyhdr Warning: \headheight is too small (12.0pt): 
(fancyhdr)                Make it at least 14.49998pt, for example:
(fancyhdr)                \setlength{\headheight}{14.49998pt}.
(fancyhdr)                You might also make \topmargin smaller to compensate:

(fancyhdr)                \addtolength{\topmargin}{-2.49998pt}.

[27] (./developermanual/Reducing the velocity of executing a game.tex

Package fancyhdr Warning: \headheight is too small (12.0pt): 
(fancyhdr)                Make it at least 14.49998pt, for example:
(fancyhdr)                \setlength{\headheight}{14.49998pt}.
(fancyhdr)                You might also make \topmargin smaller to compensate:

(fancyhdr)                \addtolength{\topmargin}{-2.49998pt}.

[28]

LaTeX Warning: Reference `fig:StructureOfCallback' on page 29 undefined on inpu
t line 36.

<image/StructureOfCallback.png, id=135, 367.701pt x 528.009pt>
File: image/StructureOfCallback.png Graphic file (type png)
<use image/StructureOfCallback.png>
Package pdftex.def Info: image/StructureOfCallback.png  used on input line 45.
(pdftex.def)             Requested size: 256.0774pt x 367.72655pt.
)
<image/diagram_1.png, id=136, 415.881pt x 525.162pt>
File: image/diagram_1.png Graphic file (type png)
<use image/diagram_1.png>
Package pdftex.def Info: image/diagram_1.png  used on input line 43.
(pdftex.def)             Requested size: 341.43436pt x 431.1565pt.


Package fancyhdr Warning: \headheight is too small (12.0pt): 
(fancyhdr)                Make it at least 14.49998pt, for example:
(fancyhdr)                \setlength{\headheight}{14.49998pt}.
(fancyhdr)                You might also make \topmargin smaller to compensate:

(fancyhdr)                \addtolength{\topmargin}{-2.49998pt}.

[29 <./image/StructureOfCallback.png>] (./developermanual/GUI.tex

LaTeX Warning: Reference `fig:guiPackage' on page 30 undefined on input line 10
.


Package fancyhdr Warning: \headheight is too small (12.0pt): 
(fancyhdr)                Make it at least 14.49998pt, for example:
(fancyhdr)                \setlength{\headheight}{14.49998pt}.
(fancyhdr)                You might also make \topmargin smaller to compensate:

(fancyhdr)                \addtolength{\topmargin}{-2.49998pt}.

[30 <./image/diagram_1.png>]
<image/diagram_2.png, id=146, 413.472pt x 126.582pt>
File: image/diagram_2.png Graphic file (type png)
<use image/diagram_2.png>
Package pdftex.def Info: image/diagram_2.png  used on input line 16.
(pdftex.def)             Requested size: 341.43436pt x 104.528pt.
)

Package fancyhdr Warning: \headheight is too small (12.0pt): 
(fancyhdr)                Make it at least 14.49998pt, for example:
(fancyhdr)                \setlength{\headheight}{14.49998pt}.
(fancyhdr)                You might also make \topmargin smaller to compensate:

(fancyhdr)                \addtolength{\topmargin}{-2.49998pt}.

[31 <./image/diagram_2.png>] (./developermanual/Game Logic.tex
<image/diagram_3.png, id=151, 415.881pt x 388.068pt>
File: image/diagram_3.png Graphic file (type png)
<use image/diagram_3.png>
Package pdftex.def Info: image/diagram_3.png  used on input line 5.
(pdftex.def)             Requested size: 341.43436pt x 318.6027pt.


LaTeX Warning: Reference `fig:gameLogic' on page 32 undefined on input line 14.


<image/diagram_4.png, id=152, 312.951pt x 226.446pt>
File: image/diagram_4.png Graphic file (type png)
<use image/diagram_4.png>
Package pdftex.def Info: image/diagram_4.png  used on input line 26.
(pdftex.def)             Requested size: 341.43436pt x 247.0631pt.

LaTeX Warning: `h' float specifier changed to `ht'.


Package fancyhdr Warning: \headheight is too small (12.0pt): 
(fancyhdr)                Make it at least 14.49998pt, for example:
(fancyhdr)                \setlength{\headheight}{14.49998pt}.
(fancyhdr)                You might also make \topmargin smaller to compensate:

(fancyhdr)                \addtolength{\topmargin}{-2.49998pt}.

[32 <./image/diagram_3.png>]

Package fancyhdr Warning: \headheight is too small (12.0pt): 
(fancyhdr)                Make it at least 14.49998pt, for example:
(fancyhdr)                \setlength{\headheight}{14.49998pt}.
(fancyhdr)                You might also make \topmargin smaller to compensate:

(fancyhdr)                \addtolength{\topmargin}{-2.49998pt}.

[33 <./image/diagram_4.png>]

LaTeX Warning: Reference `fig:packAndHand' on page 34 undefined on input line 6
6.

<image/diagram_5.png, id=161, 105.558pt x 105.558pt>
File: image/diagram_5.png Graphic file (type png)
<use image/diagram_5.png>
Package pdftex.def Info: image/diagram_5.png  used on input line 70.
(pdftex.def)             Requested size: 128.0387pt x 128.0509pt.

Package fancyhdr Warning: \headheight is too small (12.0pt): 
(fancyhdr)                Make it at least 14.49998pt, for example:
(fancyhdr)                \setlength{\headheight}{14.49998pt}.
(fancyhdr)                You might also make \topmargin smaller to compensate:

(fancyhdr)                \addtolength{\topmargin}{-2.49998pt}.

[34 <./image/diagram_5.png>]

LaTeX Warning: Reference `fig:enumToken' on page 35 undefined on input line 78.


<image/sequenceOfEnumTokens.png, id=166, 632.3625pt x 77.53969pt>
File: image/sequenceOfEnumTokens.png Graphic file (type png)
<use image/sequenceOfEnumTokens.png>
Package pdftex.def Info: image/sequenceOfEnumTokens.png  used on input line 82.

(pdftex.def)             Requested size: 341.43436pt x 41.86723pt.

LaTeX Warning: Reference `fig:moveAndPosition' on page 35 undefined on input li
ne 89.

<image/diagram_6.png, id=167, 109.719pt x 95.046pt>
File: image/diagram_6.png Graphic file (type png)
<use image/diagram_6.png>
Package pdftex.def Info: image/diagram_6.png  used on input line 93.
(pdftex.def)             Requested size: 128.0387pt x 110.93071pt.

LaTeX Warning: Reference `fig:GraphDataJson' on page 35 undefined on input line
 101.

<image/diagram_7.png, id=168, 289.737pt x 51.246pt>
File: image/diagram_7.png Graphic file (type png)
<use image/diagram_7.png>
Package pdftex.def Info: image/diagram_7.png  used on input line 105.
(pdftex.def)             Requested size: 256.0774pt x 45.29521pt.
) (./developermanual/Save and Load File.tex

LaTeX Warning: Reference `fig: JSONFile' on page 35 undefined on input line 2.


Package fancyhdr Warning: \headheight is too small (12.0pt): 
(fancyhdr)                Make it at least 14.49998pt, for example:
(fancyhdr)                \setlength{\headheight}{14.49998pt}.
(fancyhdr)                You might also make \topmargin smaller to compensate:

(fancyhdr)                \addtolength{\topmargin}{-2.49998pt}.

[35 <./image/sequenceOfEnumTokens.png> <./image/diagram_6.png> <./image/diagram
_7.png>]
<image/JSON format.png, id=174, 427.5975pt x 240.29774pt>
File: image/JSON format.png Graphic file (type png)
<use image/JSON format.png>
Package pdftex.def Info: image/JSON format.png  used on input line 7.
(pdftex.def)             Requested size: 341.43436pt x 191.87544pt.


LaTeX Warning: Reference `fig: JSONFile' on page 36 undefined on input line 23.



LaTeX Warning: Reference `fig: JSONFile' on page 36 undefined on input line 28.


) (./developermanual/Log File.tex

LaTeX Warning: Reference `fig: logFile' on page 36 undefined on input line 3.


Package fancyhdr Warning: \headheight is too small (12.0pt): 
(fancyhdr)                Make it at least 14.49998pt, for example:
(fancyhdr)                \setlength{\headheight}{14.49998pt}.
(fancyhdr)                You might also make \topmargin smaller to compensate:

(fancyhdr)                \addtolength{\topmargin}{-2.49998pt}.

[36 <./image/JSON format.png>]
<image/logFile.png, id=180, 357.7365pt x 319.1925pt>
File: image/logFile.png Graphic file (type png)
<use image/logFile.png>
Package pdftex.def Info: image/logFile.png  used on input line 7.
(pdftex.def)             Requested size: 341.43436pt x 304.65819pt.
)

Package fancyhdr Warning: \headheight is too small (12.0pt): 
(fancyhdr)                Make it at least 14.49998pt, for example:
(fancyhdr)                \setlength{\headheight}{14.49998pt}.
(fancyhdr)                You might also make \topmargin smaller to compensate:

(fancyhdr)                \addtolength{\topmargin}{-2.49998pt}.

[37 <./image/logFile.png>] (./developermanual/AI algorithm.tex
Underfull \hbox (badness 1325) in paragraph at lines 20--21
[]\OT1/cmr/m/n/12 The ex-pec-ta-tion is that the player
 []


Underfull \hbox (badness 1325) in paragraph at lines 22--23
[]\OT1/cmr/m/n/12 The ex-pec-ta-tion is that the player
 []


Package fancyhdr Warning: \headheight is too small (12.0pt): 
(fancyhdr)                Make it at least 14.49998pt, for example:
(fancyhdr)                \setlength{\headheight}{14.49998pt}.
(fancyhdr)                You might also make \topmargin smaller to compensate:

(fancyhdr)                \addtolength{\topmargin}{-2.49998pt}.

[38]

Package fancyhdr Warning: \headheight is too small (12.0pt): 
(fancyhdr)                Make it at least 14.49998pt, for example:
(fancyhdr)                \setlength{\headheight}{14.49998pt}.
(fancyhdr)                You might also make \topmargin smaller to compensate:

(fancyhdr)                \addtolength{\topmargin}{-2.49998pt}.

[39]

Package fancyhdr Warning: \headheight is too small (12.0pt): 
(fancyhdr)                Make it at least 14.49998pt, for example:
(fancyhdr)                \setlength{\headheight}{14.49998pt}.
(fancyhdr)                You might also make \topmargin smaller to compensate:

(fancyhdr)                \addtolength{\topmargin}{-2.49998pt}.

[40]

Package fancyhdr Warning: \headheight is too small (12.0pt): 
(fancyhdr)                Make it at least 14.49998pt, for example:
(fancyhdr)                \setlength{\headheight}{14.49998pt}.
(fancyhdr)                You might also make \topmargin smaller to compensate:

(fancyhdr)                \addtolength{\topmargin}{-2.49998pt}.

[41])

Package fancyhdr Warning: \headheight is too small (12.0pt): 
(fancyhdr)                Make it at least 14.49998pt, for example:
(fancyhdr)                \setlength{\headheight}{14.49998pt}.
(fancyhdr)                You might also make \topmargin smaller to compensate:

(fancyhdr)                \addtolength{\topmargin}{-2.49998pt}.

[42] (./developermanual/Test Load.tex)

Package fancyhdr Warning: \headheight is too small (12.0pt): 
(fancyhdr)                Make it at least 14.49998pt, for example:
(fancyhdr)                \setlength{\headheight}{14.49998pt}.
(fancyhdr)                You might also make \topmargin smaller to compensate:

(fancyhdr)                \addtolength{\topmargin}{-2.49998pt}.

[43] (./developermanual/Test Save.tex
Underfull \hbox (badness 10000) in paragraph at lines 3--4

 []


Underfull \hbox (badness 1460) in paragraph at lines 21--22
\OT1/cmr/m/n/12 dis-play the null ex-pres-sion on this
 []

)

Package fancyhdr Warning: \headheight is too small (12.0pt): 
(fancyhdr)                Make it at least 14.49998pt, for example:
(fancyhdr)                \setlength{\headheight}{14.49998pt}.
(fancyhdr)                You might also make \topmargin smaller to compensate:

(fancyhdr)                \addtolength{\topmargin}{-2.49998pt}.

[44]
(./developermanual/The restriction of different tokens and the duration of high
lighting the test.tex

Package fancyhdr Warning: \headheight is too small (12.0pt): 
(fancyhdr)                Make it at least 14.49998pt, for example:
(fancyhdr)                \setlength{\headheight}{14.49998pt}.
(fancyhdr)                You might also make \topmargin smaller to compensate:

(fancyhdr)                \addtolength{\topmargin}{-2.49998pt}.

[45]

Package fancyhdr Warning: \headheight is too small (12.0pt): 
(fancyhdr)                Make it at least 14.49998pt, for example:
(fancyhdr)                \setlength{\headheight}{14.49998pt}.
(fancyhdr)                You might also make \topmargin smaller to compensate:

(fancyhdr)                \addtolength{\topmargin}{-2.49998pt}.

[46]

Package fancyhdr Warning: \headheight is too small (12.0pt): 
(fancyhdr)                Make it at least 14.49998pt, for example:
(fancyhdr)                \setlength{\headheight}{14.49998pt}.
(fancyhdr)                You might also make \topmargin smaller to compensate:

(fancyhdr)                \addtolength{\topmargin}{-2.49998pt}.

[47])

Package fancyhdr Warning: \headheight is too small (12.0pt): 
(fancyhdr)                Make it at least 14.49998pt, for example:
(fancyhdr)                \setlength{\headheight}{14.49998pt}.
(fancyhdr)                You might also make \topmargin smaller to compensate:

(fancyhdr)                \addtolength{\topmargin}{-2.49998pt}.

[48] (./developermanual/During the game.tex)

Package fancyhdr Warning: \headheight is too small (12.0pt): 
(fancyhdr)                Make it at least 14.49998pt, for example:
(fancyhdr)                \setlength{\headheight}{14.49998pt}.
(fancyhdr)                You might also make \topmargin smaller to compensate:

(fancyhdr)                \addtolength{\topmargin}{-2.49998pt}.

[49] (./developermanual/End Game.tex))

Package fancyhdr Warning: \headheight is too small (12.0pt): 
(fancyhdr)                Make it at least 14.49998pt, for example:
(fancyhdr)                \setlength{\headheight}{14.49998pt}.
(fancyhdr)                You might also make \topmargin smaller to compensate:

(fancyhdr)                \addtolength{\topmargin}{-2.49998pt}.

[50] (./main.aux)

LaTeX Warning: There were undefined references.


LaTeX Warning: Label(s) may have changed. Rerun to get cross-references right.

 ) 
Here is how much of TeX's memory you used:
 4450 strings out of 478238
 76872 string characters out of 5844945
 376101 words of memory out of 5000000
 22540 multiletter control sequences out of 15000+600000
 475378 words of font info for 48 fonts, out of 8000000 for 9000
 1141 hyphenation exceptions out of 8191
 55i,13n,62p,1031b,428s stack positions out of 10000i,1000n,20000p,200000b,200000s
{d:/Latex/texlive/2022/texmf-dist/fonts/enc/dvips/cm-super/cm-super-ts1.enc}<
d:/Latex/texlive/2022/texmf-dist/fonts/type1/public/amsfonts/cm/cmbx12.pfb><d:/
Latex/texlive/2022/texmf-dist/fonts/type1/public/amsfonts/cm/cmr12.pfb><d:/Late
x/texlive/2022/texmf-dist/fonts/type1/public/amsfonts/cm/cmr17.pfb><d:/Latex/te
xlive/2022/texmf-dist/fonts/type1/public/cm-super/sfrm1200.pfb>
Output written on main.pdf (51 pages, 1484034 bytes).
PDF statistics:
 249 PDF objects out of 1000 (max. 8388607)
 131 compressed objects within 2 object streams
 0 named destinations out of 1000 (max. 500000)
 151 words of extra memory for PDF output out of 10000 (max. 10000000)

